<?xml version="1.0" encoding="UTF-8"?>
<!-- Generated by org.testng.reporters.JUnitReportReporter -->
<testsuite hostname="LAPTOP-F2ADQDQC" failures="0" tests="1" name="testcases.Tc_002_ValidateloginFunctionality" time="4.097" errors="0" timestamp="2024-06-10T11:07:50 IST" skipped="0">
  <testcase classname="testcases.Tc_002_ValidateloginFunctionality" name="validatelogin" time="4.097"/>
  <system-out/>
</testsuite> <!-- testcases.Tc_002_ValidateloginFunctionality -->
