<?xml version="1.0" encoding="UTF-8"?>
<!-- Generated by org.testng.reporters.JUnitReportReporter -->
<testsuite hostname="LAPTOP-F2ADQDQC" failures="0" tests="1" name="testcases.Tc_002_ValidateloginFunctionality" time="1.178" errors="0" timestamp="2024-06-08T10:56:45 IST" skipped="0">
  <testcase classname="testcases.Tc_002_ValidateloginFunctionality" name="validatelogin" time="1.178"/>
  <system-out/>
</testsuite> <!-- testcases.Tc_002_ValidateloginFunctionality -->
